###
A
MAREUIL-SUR-LAY-DISSAIS
ETERPIGNY
ROUVRAY
HAUT-DU-THEM-CHATEAU-LAMBERT
GRAILHEN
BATTEXEY
EGUZON-CHANTOME
ETOUY
VALMY
LOCQUIREC
THIBOUVILLE
VAUCHELLES-LES-QUESNOY
PIGNOLS
VILLEVEYRAC
ANGLARS
BERNEX
CRESPIERES
SAINT-ETIENNE-DE-CHOMEIL
PARGNY-LA-DHUYS
DUERNE
ERIN
SAINT-MARTIN-DES-OLMES
BOURLENS
CESSET
CAUDECOSTE
FLORENTIA
ESCAUDES
COURCELLES-SOUS-MOYENCOURT
RIEUSSEC
NEUILLE
###
B
CRUSCADES
CRESPIERES
VOULTEGON
SALENCY
NEUILLAY-LES-BOIS
THIBOUVILLE
FROTEY-LES-LURE
CAUDECOSTE
ANGLARS
BAUGY
CAMPOURIEZ
FLAVIGNY-SUR-OZERAIN
ARLEUF
SAINT-CHRISTOPHE-D'ALLIER
SAINT-DENIS-DES-MURS
###
C
BREUIL-BOIS-ROBERT
TEILHET
VIREY-SOUS-BAR
LALBENQUE
DENTING
